# JRE version: Java(TM) SE Runtime Environment (8.0_152-b16) (build 1.8.0_152-b16)
# Java VM: Java HotSpot(TM) 64-Bit Server VM (25.152-b16 mixed mode windows-amd64 compressed oops)
Heap:
 PSYoungGen      total 51712K, used 26615K [0x000000076b180000, 0x000000076e500000, 0x00000007c0000000)
  eden space 50688K, 51% used [0x000000076b180000,0x000000076cae5cd0,0x000000076e300000)
  from space 1024K, 59% used [0x000000076e300000,0x000000076e398000,0x000000076e400000)
  to   space 1024K, 0% used [0x000000076e400000,0x000000076e400000,0x000000076e500000)
 ParOldGen       total 238592K, used 78069K [0x00000006c1400000, 0x00000006cfd00000, 0x000000076b180000)
  object space 238592K, 32% used [0x00000006c1400000,0x00000006c603d540,0x00000006cfd00000)
 Metaspace       used 60208K, capacity 81437K, committed 81584K, reserved 1112064K
  class space    used 13516K, capacity 19550K, committed 19632K, reserved 1048576K
GC Heap History (10 events):
Event: 2101.386 GC heap before
{Heap before GC invocations=1024 (full 3):
 PSYoungGen      total 51712K, used 50880K [0x000000076b180000, 0x000000076e500000, 0x00000007c0000000)
  eden space 50688K, 100% used [0x000000076b180000,0x000000076e300000,0x000000076e300000)
  from space 1024K, 18% used [0x000000076e400000,0x000000076e430000,0x000000076e500000)
  to   space 1024K, 0% used [0x000000076e300000,0x000000076e300000,0x000000076e400000)
 ParOldGen       total 238592K, used 78061K [0x00000006c1400000, 0x00000006cfd00000, 0x000000076b180000)
  object space 238592K, 32% used [0x00000006c1400000,0x00000006c603b540,0x00000006cfd00000)
 Metaspace       used 60002K, capacity 80935K, committed 80944K, reserved 1110016K
  class space    used 13479K, capacity 19504K, committed 19504K, reserved 1048576K
Event: 2101.388 GC heap after
Heap after GC invocations=1024 (full 3):
 PSYoungGen      total 51712K, used 416K [0x000000076b180000, 0x000000076e500000, 0x00000007c0000000)
  eden space 50688K, 0% used [0x000000076b180000,0x000000076b180000,0x000000076e300000)
  from space 1024K, 40% used [0x000000076e300000,0x000000076e368000,0x000000076e400000)
  to   space 1024K, 0% used [0x000000076e400000,0x000000076e400000,0x000000076e500000)
 ParOldGen       total 238592K, used 78069K [0x00000006c1400000, 0x00000006cfd00000, 0x000000076b180000)
  object space 238592K, 32% used [0x00000006c1400000,0x00000006c603d540,0x00000006cfd00000)
 Metaspace       used 60002K, capacity 80935K, committed 80944K, reserved 1110016K
  class space    used 13479K, capacity 19504K, committed 19504K, reserved 1048576K
}
Event: 2103.672 GC heap before
{Heap before GC invocations=1025 (full 3):
 PSYoungGen      total 51712K, used 51104K [0x000000076b180000, 0x000000076e500000, 0x00000007c0000000)
  eden space 50688K, 100% used [0x000000076b180000,0x000000076e300000,0x000000076e300000)
  from space 1024K, 40% used [0x000000076e300000,0x000000076e368000,0x000000076e400000)
  to   space 1024K, 0% used [0x000000076e400000,0x000000076e400000,0x000000076e500000)
 ParOldGen       total 238592K, used 78069K [0x00000006c1400000, 0x00000006cfd00000, 0x000000076b180000)
  object space 238592K, 32% used [0x00000006c1400000,0x00000006c603d540,0x00000006cfd00000)
 Metaspace       used 60028K, capacity 81037K, committed 81328K, reserved 1112064K
  class space    used 13489K, capacity 19518K, committed 19632K, reserved 1048576K
Event: 2103.673 GC heap after
Heap after GC invocations=1025 (full 3):
 PSYoungGen      total 51712K, used 368K [0x000000076b180000, 0x000000076e500000, 0x00000007c0000000)
  eden space 50688K, 0% used [0x000000076b180000,0x000000076b180000,0x000000076e300000)
  from space 1024K, 35% used [0x000000076e400000,0x000000076e45c010,0x000000076e500000)
  to   space 1024K, 0% used [0x000000076e300000,0x000000076e300000,0x000000076e400000)
 ParOldGen       total 238592K, used 78069K [0x00000006c1400000, 0x00000006cfd00000, 0x000000076b180000)
  object space 238592K, 32% used [0x00000006c1400000,0x00000006c603d540,0x00000006cfd00000)
 Metaspace       used 60028K, capacity 81037K, committed 81328K, reserved 1112064K
  class space    used 13489K, capacity 19518K, committed 19632K, reserved 1048576K
}
Event: 2115.909 GC heap before
{Heap before GC invocations=1026 (full 3):
 PSYoungGen      total 51712K, used 51056K [0x000000076b180000, 0x000000076e500000, 0x00000007c0000000)
  eden space 50688K, 100% used [0x000000076b180000,0x000000076e300000,0x000000076e300000)
  from space 1024K, 35% used [0x000000076e400000,0x000000076e45c010,0x000000076e500000)
  to   space 1024K, 0% used [0x000000076e300000,0x000000076e300000,0x000000076e400000)
 ParOldGen       total 238592K, used 78069K [0x00000006c1400000, 0x00000006cfd00000, 0x000000076b180000)
  object space 238592K, 32% used [0x00000006c1400000,0x00000006c603d540,0x00000006cfd00000)
 Metaspace       used 60087K, capacity 81157K, committed 81328K, reserved 1112064K
  class space    used 13502K, capacity 19534K, committed 19632K, reserved 1048576K
Event: 2115.910 GC heap after
Heap after GC invocations=1026 (full 3):
 PSYoungGen      total 51712K, used 448K [0x000000076b180000, 0x000000076e500000, 0x00000007c0000000)
  eden space 50688K, 0% used [0x000000076b180000,0x000000076b180000,0x000000076e300000)
  from space 1024K, 43% used [0x000000076e300000,0x000000076e370000,0x000000076e400000)
  to   space 1024K, 0% used [0x000000076e400000,0x000000076e400000,0x000000076e500000)
 ParOldGen       total 238592K, used 78069K [0x00000006c1400000, 0x00000006cfd00000, 0x000000076b180000)
  object space 238592K, 32% used [0x00000006c1400000,0x00000006c603d540,0x00000006cfd00000)
 Metaspace       used 60087K, capacity 81157K, committed 81328K, reserved 1112064K
  class space    used 13502K, capacity 19534K, committed 19632K, reserved 1048576K
}
Event: 2219.434 GC heap before
{Heap before GC invocations=1027 (full 3):
 PSYoungGen      total 51712K, used 51136K [0x000000076b180000, 0x000000076e500000, 0x00000007c0000000)
  eden space 50688K, 100% used [0x000000076b180000,0x000000076e300000,0x000000076e300000)
  from space 1024K, 43% used [0x000000076e300000,0x000000076e370000,0x000000076e400000)
  to   space 1024K, 0% used [0x000000076e400000,0x000000076e400000,0x000000076e500000)
 ParOldGen       total 238592K, used 78069K [0x00000006c1400000, 0x00000006cfd00000, 0x000000076b180000)
  object space 238592K, 32% used [0x00000006c1400000,0x00000006c603d540,0x00000006cfd00000)
 Metaspace       used 60136K, capacity 81247K, committed 81584K, reserved 1112064K
  class space    used 13509K, capacity 19540K, committed 19632K, reserved 1048576K
Event: 2219.436 GC heap after
Heap after GC invocations=1027 (full 3):
 PSYoungGen      total 51712K, used 704K [0x000000076b180000, 0x000000076e500000, 0x00000007c0000000)
  eden space 50688K, 0% used [0x000000076b180000,0x000000076b180000,0x000000076e300000)
  from space 1024K, 68% used [0x000000076e400000,0x000000076e4b0000,0x000000076e500000)
  to   space 1024K, 0% used [0x000000076e300000,0x000000076e300000,0x000000076e400000)
 ParOldGen       total 238592K, used 78069K [0x00000006c1400000, 0x00000006cfd00000, 0x000000076b180000)
  object space 238592K, 32% used [0x00000006c1400000,0x00000006c603d540,0x00000006cfd00000)
 Metaspace       used 60136K, capacity 81247K, committed 81584K, reserved 1112064K
  class space    used 13509K, capacity 19540K, committed 19632K, reserved 1048576K
}
Event: 2307.659 GC heap before
{Heap before GC invocations=1028 (full 3):
 PSYoungGen      total 51712K, used 51392K [0x000000076b180000, 0x000000076e500000, 0x00000007c0000000)
  eden space 50688K, 100% used [0x000000076b180000,0x000000076e300000,0x000000076e300000)
  from space 1024K, 68% used [0x000000076e400000,0x000000076e4b0000,0x000000076e500000)
  to   space 1024K, 0% used [0x000000076e300000,0x000000076e300000,0x000000076e400000)
 ParOldGen       total 238592K, used 78069K [0x00000006c1400000, 0x00000006cfd00000, 0x000000076b180000)
  object space 238592K, 32% used [0x00000006c1400000,0x00000006c603d540,0x00000006cfd00000)
 Metaspace       used 60196K, capacity 81425K, committed 81584K, reserved 1112064K
  class space    used 13514K, capacity 19546K, committed 19632K, reserved 1048576K
Event: 2307.662 GC heap after
Heap after GC invocations=1028 (full 3):
 PSYoungGen      total 51712K, used 608K [0x000000076b180000, 0x000000076e500000, 0x00000007c0000000)
  eden space 50688K, 0% used [0x000000076b180000,0x000000076b180000,0x000000076e300000)
  from space 1024K, 59% used [0x000000076e300000,0x000000076e398000,0x000000076e400000)
  to   space 1024K, 0% used [0x000000076e400000,0x000000076e400000,0x000000076e500000)
 ParOldGen       total 238592K, used 78069K [0x00000006c1400000, 0x00000006cfd00000, 0x000000076b180000)
  object space 238592K, 32% used [0x00000006c1400000,0x00000006c603d540,0x00000006cfd00000)
 Metaspace       used 60196K, capacity 81425K, committed 81584K, reserved 1112064K
  class space    used 13514K, capacity 19546K, committed 19632K, reserved 1048576K
}

